make all --print-data-base --no-builtin-variables --no-builtin-rules --question
make: *** No rule to make target 'all'.  Stop.

# GNU Make 4.1
# Built for x86_64-pc-linux-gnu
# Copyright (C) 1988-2014 Free Software Foundation, Inc.
# License GPLv3+: GNU GPL version 3 or later <http://gnu.org/licenses/gpl.html>
# This is free software: you are free to change and redistribute it.
# There is NO WARRANTY, to the extent permitted by law.

# Make data base, printed on Fri Aug  5 08:47:08 2022

# Variables

# automatic
<D = $(patsubst %/,%,$(dir $<))
# automatic
?F = $(notdir $?)
# makefile (from 'makefile', line 11)
OUT1 := bin/DictBuilder
# default
.SHELLFLAGS := -c
# environment
VSCODE_AGENT_FOLDER = /home/masker/.vscode-server
# automatic
?D = $(patsubst %/,%,$(dir $?))
# automatic
@D = $(patsubst %/,%,$(dir $@))
# automatic
@F = $(notdir $@)
# default
MAKE_VERSION := 4.1
# makefile
CURDIR := /home/masker/SearchEngine
# makefile
SHELL = /bin/sh
# environment
VSCODE_NLS_CONFIG = {"locale":"zh-cn","availableLanguages":{}}
# environment
_ = /home/masker/.vscode-server/bin/3b889b090b5ad5793f524b5d1d39fda662b96a2a/node
# makefile (from 'makefile', line 6)
OBJS1 :=  objs/DictBuilder/DictProducer.o  objs/DictBuilder/CppJieba.o  objs/DictBuilder/Configuration.o  objs/DictBuilder/main.o
# makefile (from 'makefile', line 1)
MAKEFILE_LIST :=  makefile
# 'override' directive
GNUMAKEFLAGS := 
# makefile (from 'makefile', line 14)
OUT4 := bin/client
# environment
XDG_DATA_DIRS = /usr/local/share:/usr/share:/var/lib/snapd/desktop
# environment
DBUS_SESSION_BUS_ADDRESS = unix:path=/run/user/1000/bus
# makefile (from 'makefile', line 12)
OUT2 := bin/WebProcessor
# makefile (from 'makefile', line 3)
SRCS3 := src/server/TcpServer.cpp src/server/Mylogger.cpp src/server/SocketIO.cpp src/server/MyRedis.cpp src/server/Thread.cpp src/server/Configuration.cpp src/server/tinyxml2.cpp src/server/Socket.cpp src/server/LRUCache.cpp src/server/Acceptor.cpp src/server/ThreadPool.cpp src/server/TcpConnection.cpp src/server/TimerFd.cpp src/server/MyJson.cpp src/server/TaskQueue.cpp src/server/KeyRecommander.cpp src/server/WebPageQuery.cpp src/server/Condition.cpp src/server/SearchEngineServer.cpp src/server/MutexLock.cpp src/server/InetAddress.cpp src/server/main.cpp src/server/Dictionary.cpp src/server/WebPage.cpp src/server/WebPageSearcher.cpp src/server/EventLoop.cpp
# makefile (from 'makefile', line 18)
OBJS :=  objs/DictBuilder/DictProducer.o  objs/DictBuilder/CppJieba.o  objs/DictBuilder/Configuration.o  objs/DictBuilder/main.o  objs/WebProcessor/tinyxml2.o  objs/WebProcessor/Configuration.o  objs/WebProcessor/PageLib.o  objs/WebProcessor/PageLibPreprocessor.o  objs/WebProcessor/DirScanner.o  objs/WebProcessor/main.o  objs/WebProcessor/WebPage.o  objs/server/TcpServer.o  objs/server/Mylogger.o  objs/server/SocketIO.o  objs/server/MyRedis.o  objs/server/Thread.o  objs/server/Configuration.o  objs/server/tinyxml2.o  objs/server/Socket.o  objs/server/LRUCache.o  objs/server/Acceptor.o  objs/server/ThreadPool.o  objs/server/TcpConnection.o  objs/server/TimerFd.o  objs/server/MyJson.o  objs/server/TaskQueue.o  objs/server/KeyRecommander.o  objs/server/WebPageQuery.o  objs/server/Condition.o  objs/server/SearchEngineServer.o  objs/server/MutexLock.o  objs/server/InetAddress.o  objs/server/main.o  objs/server/Dictionary.o  objs/server/WebPage.o  objs/server/WebPageSearcher.o  objs/server/EventLoop.o  objs/client/SearchEngineClient.o  objs/client/main.o  objs/client/MyJson.o 
# environment
LESSOPEN = | /usr/bin/lesspipe %s
# environment
VSCODE_CWD = /home/masker
# makefile (from 'makefile', line 9)
OBJS4 :=  objs/client/SearchEngineClient.o  objs/client/main.o  objs/client/MyJson.o
# environment
SSH_CONNECTION = 192.168.150.1 57939 192.168.150.142 22
# environment
PATH = /home/masker/.vscode-server/bin/3b889b090b5ad5793f524b5d1d39fda662b96a2a/bin/remote-cli:/usr/local/nodejs/bin:/usr/local/sbin:/usr/local/bin:/usr/sbin:/usr/bin:/sbin:/bin:/usr/games:/usr/local/games:/snap/bin:/usr/local/go/bin:/home/masker/gobin:/usr/local/go/bin:/home/masker/gobin:/usr/local/go/bin:/home/masker/gobin:NODEBIN/bin:/usr/local/go/bin:/home/masker/gobin:/usr/local/go/bin:/home/masker/gobin:/usr/local/nodejs/bin:/usr/local/go/bin:/home/masker/gobin
# makefile (from 'makefile', line 7)
OBJS2 :=  objs/WebProcessor/tinyxml2.o  objs/WebProcessor/Configuration.o  objs/WebProcessor/PageLib.o  objs/WebProcessor/PageLibPreprocessor.o  objs/WebProcessor/DirScanner.o  objs/WebProcessor/main.o  objs/WebProcessor/WebPage.o
# environment
XDG_RUNTIME_DIR = /run/user/1000
# environment
GOPATH = /home/masker/golib:/home/masker/goproject
# environment
ELECTRON_RUN_AS_NODE = 1
# default
.FEATURES := target-specific order-only second-expansion else-if shortest-stem undefine oneshell archives jobserver output-sync check-symlink load
# environment
LS_COLORS = 
# automatic
%F = $(notdir $%)
# environment
GOBIN = /home/masker/gobin
# environment
PWD = /home/masker/SearchEngine
# environment
VSCODE_IPC_HOOK_CLI = /run/user/1000/vscode-ipc-081fe8be-1513-4031-92ee-df57c2dac9e9.sock
# automatic
*D = $(patsubst %/,%,$(dir $*))
# environment
VSCODE_AMD_ENTRYPOINT = vs/workbench/api/node/extensionHostProcess
# environment
HOME = /home/masker
# environment
LD_LIBRARY_PATH = :/usr/local/lib
# environment
LESSCLOSE = /usr/bin/lesspipe %s %s
# environment
LOGNAME = masker
# makefile (from 'makefile', line 13)
OUT3 := bin/server
# environment
APPLICATION_INSIGHTS_NO_DIAGNOSTIC_CHANNEL = true
# automatic
+F = $(notdir $+)
# environment
VSCODE_HANDLES_UNCAUGHT_ERRORS = true
# automatic
^D = $(patsubst %/,%,$(dir $^))
# environment
MAKELEVEL := 0
# default
MAKE = $(MAKE_COMMAND)
# default
MAKECMDGOALS := all
# makefile (from 'makefile', line 17)
SRCS := src/DictBuilder/DictProducer.cpp src/DictBuilder/CppJieba.cpp src/DictBuilder/Configuration.cpp src/DictBuilder/main.cpp src/WebProcessor/tinyxml2.cpp src/WebProcessor/Configuration.cpp src/WebProcessor/PageLib.cpp src/WebProcessor/PageLibPreprocessor.cpp src/WebProcessor/DirScanner.cpp src/WebProcessor/main.cpp src/WebProcessor/WebPage.cpp src/server/TcpServer.cpp src/server/Mylogger.cpp src/server/SocketIO.cpp src/server/MyRedis.cpp src/server/Thread.cpp src/server/Configuration.cpp src/server/tinyxml2.cpp src/server/Socket.cpp src/server/LRUCache.cpp src/server/Acceptor.cpp src/server/ThreadPool.cpp src/server/TcpConnection.cpp src/server/TimerFd.cpp src/server/MyJson.cpp src/server/TaskQueue.cpp src/server/KeyRecommander.cpp src/server/WebPageQuery.cpp src/server/Condition.cpp src/server/SearchEngineServer.cpp src/server/MutexLock.cpp src/server/InetAddress.cpp src/server/main.cpp src/server/Dictionary.cpp src/server/WebPage.cpp src/server/WebPageSearcher.cpp src/server/EventLoop.cpp src/client/SearchEngineClient.cpp src/client/main.cpp src/client/MyJson.cpp
# environment
SHLVL = 3
# makefile (from 'makefile', line 8)
OBJS3 :=  objs/server/TcpServer.o  objs/server/Mylogger.o  objs/server/SocketIO.o  objs/server/MyRedis.o  objs/server/Thread.o  objs/server/Configuration.o  objs/server/tinyxml2.o  objs/server/Socket.o  objs/server/LRUCache.o  objs/server/Acceptor.o  objs/server/ThreadPool.o  objs/server/TcpConnection.o  objs/server/TimerFd.o  objs/server/MyJson.o  objs/server/TaskQueue.o  objs/server/KeyRecommander.o  objs/server/WebPageQuery.o  objs/server/Condition.o  objs/server/SearchEngineServer.o  objs/server/MutexLock.o  objs/server/InetAddress.o  objs/server/main.o  objs/server/Dictionary.o  objs/server/WebPage.o  objs/server/WebPageSearcher.o  objs/server/EventLoop.o
# makefile (from 'makefile', line 20)
CC := g++
# environment
XDG_SESSION_ID = 3
# environment
USER = masker
# makefile
.DEFAULT_GOAL := OUTS
# environment
GOROOT = /usr/local/go
# automatic
%D = $(patsubst %/,%,$(dir $%))
# makefile (from 'makefile', line 19)
LINKS := -lpthread -llog4cpp -lredis++ -lhiredis -pthread -std=c++11
# default
MAKE_COMMAND := make
# default
.VARIABLES := 
# automatic
*F = $(notdir $*)
# environment
LANGUAGE = zh_CN:zh
# makefile (from 'makefile', line 1)
SRCS1 := src/DictBuilder/DictProducer.cpp src/DictBuilder/CppJieba.cpp src/DictBuilder/Configuration.cpp src/DictBuilder/main.cpp
# environment
NODEBIN = /usr/local/nodejs
# makefile
MAKEFLAGS = pqrR
# environment
MFLAGS = -pqrR
# environment
SSH_CLIENT = 192.168.150.1 57939 22
# environment
MAIL = /var/mail/masker
# automatic
+D = $(patsubst %/,%,$(dir $+))
# environment
BROWSER = /home/masker/.vscode-server/bin/3b889b090b5ad5793f524b5d1d39fda662b96a2a/bin/helpers/browser.sh
# environment
VSCODE_HANDLES_SIGPIPE = true
# default
MAKEFILES := 
# automatic
<F = $(notdir $<)
# makefile (from 'makefile', line 4)
SRCS4 := src/client/SearchEngineClient.cpp src/client/main.cpp src/client/MyJson.cpp
# environment
LC_ALL = C
# makefile (from 'makefile', line 2)
SRCS2 := src/WebProcessor/tinyxml2.cpp src/WebProcessor/Configuration.cpp src/WebProcessor/PageLib.cpp src/WebProcessor/PageLibPreprocessor.cpp src/WebProcessor/DirScanner.cpp src/WebProcessor/main.cpp src/WebProcessor/WebPage.cpp
# makefile (from 'makefile', line 16)
OUT := bin/DictBuilder bin/WebProcessor bin/server bin/client
# automatic
^F = $(notdir $^)
# default
SUFFIXES := 
# default
.INCLUDE_DIRS = /usr/include /usr/local/include /usr/include
# default
.RECIPEPREFIX := 
# default
MAKE_HOST := x86_64-pc-linux-gnu
# environment
LANG = C
# variable set hash-table stats:
# Load=86/1024=8%, Rehash=0, Collisions=9/140=6%

# Pattern-specific Variable Values

# No pattern-specific variable values.

# Directories

# src/server (device 2049, inode 434668): 28 files, no impossibilities.
# src/DictBuilder (device 2049, inode 434666): 6 files, no impossibilities.
# . (device 2049, inode 434517): 13 files, no impossibilities.
# src/client (device 2049, inode 434669): 5 files, no impossibilities.
# src/WebProcessor (device 2049, inode 434667): 9 files, no impossibilities.

# 61 files, no impossibilities in 5 directories.

# Implicit Rules

objs/DictBuilder/%.o: src/DictBuilder/%.cpp
#  recipe to execute (from 'makefile', line 42):
	$(CC) -c $^ -o $@

objs/WebProcessor/%.o: src/WebProcessor/%.cpp
#  recipe to execute (from 'makefile', line 45):
	$(CC) -c $^ -o $@

objs/server/%.o: src/server/%.cpp
#  recipe to execute (from 'makefile', line 48):
	$(CC) -c $^ -o $@

objs/client/%.o: src/client/%.cpp
#  recipe to execute (from 'makefile', line 51):
	$(CC) -c $^ -o $@

# 4 implicit rules, 0 (0.0%) terminal.

# Files

# Not a target:
objs/server/MyJson.o:
#  Implicit rule search has not been done.
#  Modification time never checked.
#  File has not been updated.

# Not a target:
objs/server/SearchEngineServer.o:
#  Implicit rule search has not been done.
#  Modification time never checked.
#  File has not been updated.

# Not a target:
objs/server/KeyRecommander.o:
#  Implicit rule search has not been done.
#  Modification time never checked.
#  File has not been updated.

# Not a target:
objs/server/TcpConnection.o:
#  Implicit rule search has not been done.
#  Modification time never checked.
#  File has not been updated.

# Not a target:
objs/server/SocketIO.o:
#  Implicit rule search has not been done.
#  Modification time never checked.
#  File has not been updated.

Dict: bin/DictBuilder
#  Implicit rule search has not been done.
#  Modification time never checked.
#  File has not been updated.

ser: bin/server
#  Implicit rule search has not been done.
#  Modification time never checked.
#  File has not been updated.

cli: bin/client
#  Implicit rule search has not been done.
#  Modification time never checked.
#  File has not been updated.

# Not a target:
objs/DictBuilder/CppJieba.o:
#  Implicit rule search has not been done.
#  Modification time never checked.
#  File has not been updated.

# Not a target:
all:
#  Command line target.
#  Implicit rule search has been done.
 
#  File does not exist.
#  File has not been updated.

.PHONY: clean rebuild print
#  Implicit rule search has not been done.
#  Modification time never checked.
#  File has not been updated.

Web: bin/WebProcessor
#  Implicit rule search has not been done.
#  Modification time never checked.
#  File has not been updated.

# Not a target:
objs/server/EventLoop.o:
#  Implicit rule search has not been done.
#  Modification time never checked.
#  File has not been updated.

# Not a target:
objs/WebProcessor/tinyxml2.o:
#  Implicit rule search has not been done.
#  Modification time never checked.
#  File has not been updated.

print:
#  Phony target (prerequisite of .PHONY).
#  Implicit rule search has not been done.
#  File does not exist.
#  File has not been updated.
#  recipe to execute (from 'makefile', line 61):
	echo $(OBJS)

# Not a target:
objs/server/WebPageQuery.o:
#  Implicit rule search has not been done.
#  Modification time never checked.
#  File has not been updated.

rebuild: clean OUTS
#  Phony target (prerequisite of .PHONY).
#  Implicit rule search has not been done.
#  File does not exist.
#  File has not been updated.

# Not a target:
objs/server/Socket.o:
#  Implicit rule search has not been done.
#  Modification time never checked.
#  File has not been updated.

# Not a target:
objs/server/tinyxml2.o:
#  Implicit rule search has not been done.
#  Modification time never checked.
#  File has not been updated.

# Not a target:
makefile:
#  Implicit rule search has been done.
#  Last modified 2022-08-04 23:08:53.779803344
#  File has been updated.
#  Successfully updated.

# Not a target:
objs/server/LRUCache.o:
#  Implicit rule search has not been done.
#  Modification time never checked.
#  File has not been updated.

# Not a target:
objs/server/Thread.o:
#  Implicit rule search has not been done.
#  Modification time never checked.
#  File has not been updated.

# Not a target:
objs/WebProcessor/PageLibPreprocessor.o:
#  Implicit rule search has not been done.
#  Modification time never checked.
#  File has not been updated.

# Not a target:
objs/DictBuilder/main.o:
#  Implicit rule search has not been done.
#  Modification time never checked.
#  File has not been updated.

# Not a target:
objs/WebProcessor/WebPage.o:
#  Implicit rule search has not been done.
#  Modification time never checked.
#  File has not been updated.

bin/DictBuilder: objs/DictBuilder/DictProducer.o objs/DictBuilder/CppJieba.o objs/DictBuilder/Configuration.o objs/DictBuilder/main.o
#  Implicit rule search has not been done.
#  Modification time never checked.
#  File has not been updated.
#  recipe to execute (from 'makefile', line 30):
	$(CC) $^ -o $@ $(LINKS)

# Not a target:
objs/server/ThreadPool.o:
#  Implicit rule search has not been done.
#  Modification time never checked.
#  File has not been updated.

# Not a target:
objs/client/main.o:
#  Implicit rule search has not been done.
#  Modification time never checked.
#  File has not been updated.

# Not a target:
objs/DictBuilder/Configuration.o:
#  Implicit rule search has not been done.
#  Modification time never checked.
#  File has not been updated.

bin/client: objs/client/SearchEngineClient.o objs/client/main.o objs/client/MyJson.o
#  Implicit rule search has not been done.
#  Modification time never checked.
#  File has not been updated.
#  recipe to execute (from 'makefile', line 39):
	$(CC) $^ -o $@ $(LINKS)

# Not a target:
objs/DictBuilder/DictProducer.o:
#  Implicit rule search has not been done.
#  Modification time never checked.
#  File has not been updated.

# Not a target:
objs/server/TcpServer.o:
#  Implicit rule search has not been done.
#  Modification time never checked.
#  File has not been updated.

# Not a target:
objs/server/WebPage.o:
#  Implicit rule search has not been done.
#  Modification time never checked.
#  File has not been updated.

OUTS: bin/DictBuilder bin/WebProcessor bin/server bin/client
#  Implicit rule search has not been done.
#  Modification time never checked.
#  File has not been updated.

# Not a target:
objs/WebProcessor/DirScanner.o:
#  Implicit rule search has not been done.
#  Modification time never checked.
#  File has not been updated.

# Not a target:
objs/WebProcessor/main.o:
#  Implicit rule search has not been done.
#  Modification time never checked.
#  File has not been updated.

bin/WebProcessor: objs/WebProcessor/tinyxml2.o objs/WebProcessor/Configuration.o objs/WebProcessor/PageLib.o objs/WebProcessor/PageLibPreprocessor.o objs/WebProcessor/DirScanner.o objs/WebProcessor/main.o objs/WebProcessor/WebPage.o
#  Implicit rule search has not been done.
#  Modification time never checked.
#  File has not been updated.
#  recipe to execute (from 'makefile', line 33):
	$(CC) $^ -o $@ $(LINKS)

# Not a target:
.DEFAULT:
#  Implicit rule search has not been done.
#  Modification time never checked.
#  File has not been updated.

# Not a target:
objs/server/Dictionary.o:
#  Implicit rule search has not been done.
#  Modification time never checked.
#  File has not been updated.

# Not a target:
objs/WebProcessor/Configuration.o:
#  Implicit rule search has not been done.
#  Modification time never checked.
#  File has not been updated.

# Not a target:
objs/client/SearchEngineClient.o:
#  Implicit rule search has not been done.
#  Modification time never checked.
#  File has not been updated.

# Not a target:
objs/server/main.o:
#  Implicit rule search has not been done.
#  Modification time never checked.
#  File has not been updated.

# Not a target:
objs/server/Condition.o:
#  Implicit rule search has not been done.
#  Modification time never checked.
#  File has not been updated.

bin/server: objs/server/TcpServer.o objs/server/Mylogger.o objs/server/SocketIO.o objs/server/MyRedis.o objs/server/Thread.o objs/server/Configuration.o objs/server/tinyxml2.o objs/server/Socket.o objs/server/LRUCache.o objs/server/Acceptor.o objs/server/ThreadPool.o objs/server/TcpConnection.o objs/server/TimerFd.o objs/server/MyJson.o objs/server/TaskQueue.o objs/server/KeyRecommander.o objs/server/WebPageQuery.o objs/server/Condition.o objs/server/SearchEngineServer.o objs/server/MutexLock.o objs/server/InetAddress.o objs/server/main.o objs/server/Dictionary.o objs/server/WebPage.o objs/server/WebPageSearcher.o objs/server/EventLoop.o
#  Implicit rule search has not been done.
#  Modification time never checked.
#  File has not been updated.
#  recipe to execute (from 'makefile', line 36):
	$(CC) $^ -o $@ $(LINKS)

clean:
#  Phony target (prerequisite of .PHONY).
#  Implicit rule search has not been done.
#  File does not exist.
#  File has not been updated.
#  recipe to execute (from 'makefile', line 56):
	rm -f $(OBJS) $(OUT)
	

# Not a target:
objs/server/Acceptor.o:
#  Implicit rule search has not been done.
#  Modification time never checked.
#  File has not been updated.

# Not a target:
objs/server/TimerFd.o:
#  Implicit rule search has not been done.
#  Modification time never checked.
#  File has not been updated.

# Not a target:
objs/server/Configuration.o:
#  Implicit rule search has not been done.
#  Modification time never checked.
#  File has not been updated.

# Not a target:
objs/server/WebPageSearcher.o:
#  Implicit rule search has not been done.
#  Modification time never checked.
#  File has not been updated.

# Not a target:
objs/server/Mylogger.o:
#  Implicit rule search has not been done.
#  Modification time never checked.
#  File has not been updated.

# Not a target:
objs/server/TaskQueue.o:
#  Implicit rule search has not been done.
#  Modification time never checked.
#  File has not been updated.

# Not a target:
objs/WebProcessor/PageLib.o:
#  Implicit rule search has not been done.
#  Modification time never checked.
#  File has not been updated.

# Not a target:
objs/client/MyJson.o:
#  Implicit rule search has not been done.
#  Modification time never checked.
#  File has not been updated.

# Not a target:
objs/server/MyRedis.o:
#  Implicit rule search has not been done.
#  Modification time never checked.
#  File has not been updated.

# Not a target:
objs/server/InetAddress.o:
#  Implicit rule search has not been done.
#  Modification time never checked.
#  File has not been updated.

# Not a target:
objs/server/MutexLock.o:
#  Implicit rule search has not been done.
#  Modification time never checked.
#  File has not been updated.

# files hash-table stats:
# Load=57/1024=6%, Rehash=0, Collisions=3/127=2%
# VPATH Search Paths

 
# No 'vpath' search paths.

# No general ('VPATH' variable) search path.

# strcache buffers: 1 (0) / strings = 115 / storage = 1956 B / avg = 17 B
# current buf: size = 8162 B / used = 1956 B / count = 115 / avg = 17 B

# strcache performance: lookups = 161 / hit rate = 28%
# hash-table stats:
# Load=115/8192=1%, Rehash=0, Collisions=6/161=4%
# Finished Make data base on Fri Aug  5 08:47:08 2022

 
